<?xml version="1.0" encoding="UTF-8"?>
<!-- Generated by org.testng.reporters.JUnitReportReporter -->
<testsuite hostname="DESKTOP-8UST9F6" failures="0" tests="1" name="com.autoZoneAutomationProject.TestCases.SmokeTestCase" time="4.667" errors="0" timestamp="2023-03-30T15:01:43 IST" skipped="0">
  <testcase classname="com.autoZoneAutomationProject.TestCases.SmokeTestCase" name="navigateToURL" time="4.667"/>
  <system-out/>
</testsuite> <!-- com.autoZoneAutomationProject.TestCases.SmokeTestCase -->
